<?xml version="1.0" encoding="UTF-8"?>
<!-- Generated by org.testng.reporters.JUnitXMLReporter -->
<testsuite ignored="0" hostname="LAPTOP-HACEGEOM" failures="0" tests="0" name="Registration Tests" time="0.332" errors="0" timestamp="2025-02-09T22:06:14 IST">
  <testcase classname="io.cucumber.testng.AbstractTestNGCucumberTests" name="@BeforeClass setUpClass" time="0.227">
    <failure type="java.lang.IllegalArgumentException" message="Couldn&amp;apos;t create parent directories of &amp;apos;C:\Users\91866\eclipse-workspace\DemoWebShop\target\cucumber-reports\registration.html&amp;apos;.
Make sure the the parent directory &amp;apos;C:\Users\91866\eclipse-workspace\DemoWebShop\target\cucumber-reports&amp;apos; isn&amp;apos;t a file.

Note: This usually happens when plugins write to colliding paths.
For example: &amp;apos;html:target/cucumber, json:target/cucumber/report.json&amp;apos;
You can fix this by making the paths do no collide.
For example: &amp;apos;html:target/cucumber/report.html, json:target/cucumber/report.json&amp;apos;
The details are in the stack trace below:">
      <![CDATA[java.lang.IllegalArgumentException: Couldn't create parent directories of 'C:\Users\91866\eclipse-workspace\DemoWebShop\target\cucumber-reports\registration.html'.
Make sure the the parent directory 'C:\Users\91866\eclipse-workspace\DemoWebShop\target\cucumber-reports' isn't a file.

Note: This usually happens when plugins write to colliding paths.
For example: 'html:target/cucumber, json:target/cucumber/report.json'
You can fix this by making the paths do no collide.
For example: 'html:target/cucumber/report.html, json:target/cucumber/report.json'
The details are in the stack trace below:
at io.cucumber.core.plugin.PluginFactory.createFileOutputStream(PluginFactory.java:222)
at io.cucumber.core.plugin.PluginFactory.openStream(PluginFactory.java:199)
at io.cucumber.core.plugin.PluginFactory.convert(PluginFactory.java:166)
at io.cucumber.core.plugin.PluginFactory.instantiate(PluginFactory.java:99)
at io.cucumber.core.plugin.PluginFactory.create(PluginFactory.java:63)
at io.cucumber.core.plugin.Plugins.createPlugins(Plugins.java:32)
at io.cucumber.core.plugin.Plugins.<init>(Plugins.java:25)
at io.cucumber.testng.TestNGCucumberRunner.<init>(TestNGCucumberRunner.java:108)
at io.cucumber.testng.AbstractTestNGCucumberTests.setUpClass(AbstractTestNGCucumberTests.java:27)
at java.base/java.util.ArrayList.forEach(ArrayList.java:1541)
Caused by: java.nio.file.FileAlreadyExistsException: C:\Users\91866\eclipse-workspace\DemoWebShop\target\cucumber-reports
at java.base/sun.nio.fs.WindowsException.translateToIOException(WindowsException.java:87)
at java.base/sun.nio.fs.WindowsException.rethrowAsIOException(WindowsException.java:103)
at java.base/sun.nio.fs.WindowsException.rethrowAsIOException(WindowsException.java:108)
at java.base/sun.nio.fs.WindowsFileSystemProvider.createDirectory(WindowsFileSystemProvider.java:509)
at java.base/java.nio.file.Files.createDirectory(Files.java:690)
at java.base/java.nio.file.Files.createAndCheckIsDirectory(Files.java:797)
at java.base/java.nio.file.Files.createDirectories(Files.java:743)
at io.cucumber.core.plugin.PluginFactory.createFileOutputStream(PluginFactory.java:218)
... 34 more
... Removed 25 stack frames]]>
    </failure>
  </testcase> <!-- @BeforeClass setUpClass -->
</testsuite> <!-- Registration Tests -->
