<?xml version="1.0" encoding="UTF-8"?>
<!-- Generated by org.testng.reporters.JUnitXMLReporter -->
<testsuite ignored="0" hostname="LAPTOP-HACEGEOM" failures="1" tests="1" name="Cucumber Tests" time="17.147" errors="0" timestamp="2025-02-10T07:06:26 IST">
  <testcase classname="io.cucumber.testng.AbstractTestNGCucumberTests" name="runScenario" time="16.475">
    <failure type="java.lang.AssertionError">
      <![CDATA[java.lang.AssertionError
at stepdefinitions.CartCheckoutSteps.verifyOrderConfirmation(CartCheckoutSteps.java:55)
at ✽.I should see order confirmation "Your order has been successfully processed!"(file:///C:/Users/91866/eclipse-workspace/DemoWebShop/src/test/resources/features/cart_checkout.feature:23)
]]>
    </failure>
  </testcase> <!-- runScenario -->
</testsuite> <!-- Cucumber Tests -->
