<?xml version="1.0" encoding="UTF-8"?>
<!-- Generated by org.testng.reporters.JUnitXMLReporter -->
<testsuite ignored="0" hostname="LAPTOP-HACEGEOM" failures="0" tests="2" name="Cucumber Tests" time="22.459" errors="0" timestamp="2025-02-11T02:50:58 IST">
  <testcase classname="io.cucumber.testng.AbstractTestNGCucumberTests" name="runScenario" time="16.856"/>
  <testcase classname="io.cucumber.testng.AbstractTestNGCucumberTests" name="runScenario" time="4.925"/>
</testsuite> <!-- Cucumber Tests -->
